Sun Nov 22 14:13:45 2020 - Stargate_Offic: k 
Sun Nov 22 14:13:45 2020 - Stargate_Offic: k 
Sun Nov 22 14:13:45 2020 - Stargate_Offic: k 
Sun Nov 22 14:13:45 2020 - Stargate_Offic: k 
Sun Nov 22 14:13:45 2020 - Stargate_Offic: k 
Sun Nov 22 14:13:45 2020 - Stargate_Offic: k 
Sun Nov 22 14:13:45 2020 - Stargate_Offic: k 
Sun Nov 22 14:13:45 2020 - Stargate_Offic: k 
Sun Nov 22 14:13:45 2020 - Stargate_Offic: k 
Sun Nov 22 14:13:45 2020 - Stargate_Offic: k 
Sun Nov 22 14:13:45 2020 - Stargate_Offic: k 
Sun Nov 22 14:13:45 2020 - Stargate_Offic: k 
Sun Nov 22 14:13:45 2020 - Stargate_Offic: k 
Sun Nov 22 14:13:45 2020 - Stargate_Offic: k 
Sun Nov 22 14:13:45 2020 - Stargate_Offic: k 
Sun Nov 22 14:13:45 2020 - Stargate_Offic: k 
Sun Nov 22 14:14:36 2020 - Stargate_Offic: kk 
Sun Nov 22 14:14:36 2020 - Stargate_Offic: kk 
Sun Nov 22 14:14:36 2020 - Stargate_Offic: kk 
Sun Nov 22 14:14:36 2020 - Stargate_Offic: kk 
Sun Nov 22 14:14:36 2020 - Stargate_Offic: kk 
Sun Nov 22 14:14:36 2020 - Stargate_Offic: kk 
Sun Nov 22 14:14:36 2020 - Stargate_Offic: kk 
Sun Nov 22 14:14:36 2020 - Stargate_Offic: kk 
Sun Nov 22 14:14:36 2020 - Stargate_Offic: kk 
Sun Nov 22 14:14:36 2020 - Stargate_Offic: kk 
Sun Nov 22 14:14:36 2020 - Stargate_Offic: kk 
Sun Nov 22 14:15:28 2020 - Stargate_Offic: kk 
Sun Nov 22 14:15:28 2020 - Stargate_Offic: kk 
Sun Nov 22 14:15:28 2020 - Stargate_Offic: kk 
Sun Nov 22 14:15:28 2020 - Stargate_Offic: kk 
Sun Nov 22 14:15:28 2020 - Stargate_Offic: kk 
Sun Nov 22 14:15:28 2020 - Stargate_Offic: kk 
Sun Nov 22 14:15:28 2020 - Stargate_Offic: kk 
Sun Nov 22 14:15:28 2020 - Stargate_Offic: kk 
Sun Nov 22 14:15:28 2020 - Stargate_Offic: kk 
Sun Nov 22 14:15:28 2020 - Stargate_Offic: kk 
Sun Nov 22 14:15:28 2020 - Stargate_Offic: kkk 
Sun Nov 22 14:16:19 2020 - Stargate_Offic: ok 
Sun Nov 22 14:16:19 2020 - Stargate_Offic: ok 
Sun Nov 22 14:16:19 2020 - Stargate_Offic: ok 
Sun Nov 22 14:16:19 2020 - Stargate_Offic: ok 
Sun Nov 22 14:17:10 2020 - Stargate_Offic: ok 
Sun Nov 22 14:17:10 2020 - Stargate_Offic: ok 
Sun Nov 22 14:17:10 2020 - Stargate_Offic: ok 
Sun Nov 22 14:17:10 2020 - Stargate_Offic: ok 
Sun Nov 22 14:17:10 2020 - Stargate_Offic: ok 
Sun Nov 22 14:17:10 2020 - Stargate_Offic: ok 
Sun Nov 22 14:17:10 2020 - Stargate_Offic: ok 
Sun Nov 22 14:17:10 2020 - Stargate_Offic: ok 
Sun Nov 22 14:17:10 2020 - Stargate_Offic: ok 
Sun Nov 22 14:17:10 2020 - Stargate_Offic: k 
Sun Nov 22 14:17:10 2020 - Stargate_Offic: kk 
Thu Feb 11 18:15:40 2021 - Stargate_Offic: ok 
Thu Feb 11 18:17:23 2021 - Stargate_Offic: Ok 
Thu Feb 11 21:04:38 2021 - Stargate_Offic: test 
Thu Feb 11 21:15:44 2021 - Stargate_Offic: hiya 
Sat Feb 13 15:11:21 2021 - Stargate_Offic: lol 
Sat Feb 13 15:12:12 2021 - Stargate_Offic: lol 
Sat Feb 13 19:57:13 2021 - Stargate_Offic: lol 
Mon Feb 15 15:01:07 2021 - Stargate_Offic: OK 
Mon Feb 15 15:01:07 2021 - Stargate_Offic: :D 
Thu Jun 17 15:00:32 2021 - B4ssQontr0ler: gogog 
Thu Jun 17 15:03:05 2021 - B4ssQontr0ler: i wondering about the speed movement , tick lag etc, on my test map its more faster so far, the movement are little jerky  
Tue Jun 22 20:06:27 2021 - Stargate_Offic: ok 
Mon Feb 21 20:17:16 2022 - Stargate_Offic: ok 
Mon Feb 21 20:25:48 2022 - Stargate_Offic: fd 
Mon Feb 21 20:48:51 2022 - Stargate_Offic: ok 
Mon Feb 21 20:49:42 2022 - Stargate_Offic: ok 
Mon Feb 21 20:51:24 2022 - Stargate_Offic: ok 
Mon Feb 21 20:53:07 2022 - Stargate_Offic: ok 
Mon Feb 21 20:53:07 2022 - Stargate_Offic: lol 
Mon Feb 21 21:21:16 2022 - Stargate_Offic: ok 
Sun Jul 31 14:35:21 2022 - Stargate_Offic: ok 
Sun Jul 31 14:41:20 2022 - : ok 
Sun Jul 31 14:43:02 2022 - <a href=?action=ViewProfile;ckey=stargateoffic>Stargate_Offic</a>: ok 
Sun Jul 31 14:43:53 2022 - <a href=?action=ViewProfile;ckey=stargateoffic>Stargate_Offic</a>: ok 
Sun Jul 31 14:46:27 2022 - <a href=?action=ViewProfile;ckey=stargateoffic>Stargate_Offic</a>: ok 
