Sat Nov 21 14:05:39 2020 - Stargate_Offic: teleported to S4F3H4V3N gate
Sat Nov 21 14:05:39 2020 - Stargate_Offic: teleported to Goauld gate
Sat Nov 21 14:08:12 2020 - Stargate_Offic: summoned Stargate_Offic
Sat Nov 21 14:13:20 2020 - Stargate_Offic: teleported to Atlantis gate
Sat Nov 21 14:20:09 2020 - Stargate_Offic: teleported to Goauld gate
Sat Nov 21 14:20:09 2020 - Stargate_Offic: teleported to Atlantis gate
Sat Nov 21 16:06:49 2020 - Stargate_Offic: teleported to Earth gate
Sat Nov 21 16:24:44 2020 - Stargate_Offic: teleported to Goauld gate
Sat Nov 21 16:33:16 2020 - Stargate_Offic: teleported to Atlantis gate
Sat Nov 21 16:34:08 2020 - Stargate_Offic: teleported to Earth gate
Sat Nov 21 16:39:15 2020 - Stargate_Offic: teleported to Atlantis gate
Sat Nov 21 19:31:37 2020 - Stargate_Offic: teleported to Earth gate
Sat Nov 21 20:21:07 2020 - Stargate_Offic: teleported to Atlantis gate
Sat Nov 21 23:13:29 2020 - Stargate_Offic used edit to make Stargate_Offic's  Naquadah = 9000
Sat Nov 21 23:15:12 2020 - Stargate_Offic used edit to make Stargate_Offic's  naquadah = 9000
Sat Nov 21 23:23:44 2020 - Stargate_Offic: teleported to Goauld gate
Sun Nov 22 12:08:19 2020 - Stargate_Offic: teleported to Earth gate
Sun Nov 22 12:10:01 2020 - Stargate_Offic: teleported to Atlantis gate
Sun Nov 22 12:11:44 2020 - Stargate_Offic used edit to make N's  layer = 9
Sun Nov 22 12:28:48 2020 - Stargate_Offic: teleported to Atlantis gate
Sun Nov 22 13:17:26 2020 - Stargate_Offic: teleported to S4F3H4V3N gate
Sun Nov 22 13:17:26 2020 - Stargate_Offic: teleported to Atlantis gate
Sun Nov 22 20:20:41 2020 - Stargate_Offic: teleported to S4F3H4V3N gate
Sun Nov 22 20:20:41 2020 - Stargate_Offic: teleported to Atlantis gate
Mon Nov 23 12:50:33 2020 - Stargate_Offic: teleported to Earth gate
Mon Nov 23 12:50:33 2020 - Stargate_Offic: teleported to Atlantis gate
Mon Nov 23 12:51:24 2020 - Stargate_Offic: teleported to Atlantis gate
Mon Nov 23 14:21:52 2020 - Stargate_Offic: teleported to Test gate
Mon Nov 23 14:22:43 2020 - Stargate_Offic: teleported to Earth gate
Mon Nov 23 14:22:43 2020 - Stargate_Offic: teleported to Atlantis gate
Mon Nov 23 14:31:15 2020 - Stargate_Offic: teleported to Earth gate
Mon Nov 23 14:31:15 2020 - Stargate_Offic used edit to make Stargate_Offic's  naquadah = 1000
Mon Nov 23 15:42:04 2020 - Stargate_Offic: teleported to Atlantis gate
Mon Nov 23 15:42:56 2020 - Stargate_Offic used edit to make Stargate_Offic's  naquadah = 1e+008
Mon Nov 23 15:47:12 2020 - Stargate_Offic used edit to make Midway Station Console's  dial_address = 0 0 0 0 0 1
Mon Nov 23 15:51:28 2020 - Stargate_Offic: teleported to Atlantis gate
Mon Nov 23 15:56:35 2020 - Stargate_Offic used edit to make ChevronsSGU's  color = blue
Mon Nov 23 16:03:24 2020 - Stargate_Offic: teleported to Atlantis gate
Mon Nov 23 16:05:58 2020 - Stargate_Offic: teleported to Atlantis gate
Mon Nov 23 16:20:28 2020 - Stargate_Offic: teleported to Atlantis gate
Mon Nov 23 16:26:27 2020 - Stargate_Offic: teleported to Earth gate
Mon Nov 23 16:45:13 2020 - Stargate_Offic: teleported to Earth gate
Mon Nov 23 17:07:24 2020 - Stargate_Offic: teleported to Atlantis gate
Mon Nov 23 17:13:23 2020 - Stargate_Offic used edit to make Walls's  density = 0
Mon Nov 23 17:30:27 2020 - Stargate_Offic: teleported to Test gate
Tue Nov 24 16:26:52 2020 - Stargate_Offic: teleported to Atlantis gate
Tue Nov 24 16:26:52 2020 - Stargate_Offic: teleported to Atlantis gate
Tue Nov 24 16:26:52 2020 - Stargate_Offic: teleported to Earth gate
Tue Nov 24 23:35:15 2020 - Stargate_Offic: teleported to Atlantis gate
Wed Nov 25 20:33:04 2020 - Stargate_Offic: teleported to Earth gate
Fri Nov 27 13:25:32 2020 - Stargate_Offic: teleported to Goauld gate
Fri Nov 27 13:29:48 2020 - Stargate_Offic: teleported to Earth gate
Sat Nov 28 23:39:31 2020 - Stargate_Offic: teleported to Earth gate
Sun Nov 29 00:07:40 2020 - Stargate_Offic: teleported to S4F3H4V3N gate
Sun Nov 29 00:09:23 2020 - Stargate_Offic: teleported to S4F3H4V3N gate
Sun Nov 29 14:01:23 2020 - Stargate_Offic: teleported to S4F3H4V3N gate
Sun Nov 29 14:16:44 2020 - Stargate_Offic: teleported to Goauld gate
Sun Nov 29 14:18:27 2020 - Stargate_Offic: teleported to Earth gate
Sun Nov 29 16:01:42 2020 - Stargate_Offic: teleported to S4F3H4V3N gate
Sun Nov 29 16:02:33 2020 - Stargate_Offic: teleported to Earth gate
Sun Nov 29 18:20:48 2020 - Stargate_Offic: teleported to Earth gate
Sun Nov 29 19:55:31 2020 - Stargate_Offic: teleported to Atlantis gate
Sun Nov 29 20:13:26 2020 - Stargate_Offic: teleported to Earth gate
Sun Nov 29 20:16:00 2020 - Stargate_Offic: teleported to Earth gate
Tue Dec 01 18:11:24 2020 - Stargate_Offic: teleported to Earth gate
Sun Dec 06 12:42:27 2020 - Stargate_Offic: teleported to MidWay Station gate
Sun Dec 06 12:43:18 2020 - Stargate_Offic: teleported to Earth gate
Sun Dec 06 12:44:09 2020 - Stargate_Offic: teleported to Earth gate
Sun Dec 06 12:45:52 2020 - Stargate_Offic: teleported to Earth gate
Sun Dec 06 12:57:48 2020 - Stargate_Offic: used Reboot.
Sun Dec 06 12:57:48 2020 - Stargate_Offic: teleported to Earth gate
Sun Dec 06 12:59:31 2020 - Stargate_Offic: used Reboot.
Sun Dec 06 13:01:13 2020 - Stargate_Offic: used Reboot.
Sun Dec 06 13:04:38 2020 - Stargate_Offic: used Reboot.
Sun Dec 06 13:05:29 2020 - Stargate_Offic: used Reboot.
Sun Dec 06 13:07:12 2020 - Stargate_Offic: used Reboot.
Sun Dec 06 13:10:36 2020 - Stargate_Offic: used Reboot.
Sun Dec 06 13:12:19 2020 - Stargate_Offic: teleported to Earth gate
Sun Dec 06 13:12:19 2020 - Stargate_Offic: used Reboot.
Fri Feb 05 16:38:24 2021 - Stargate_Offic: teleported to Atlantis gate
Fri Feb 05 16:44:22 2021 - Stargate_Offic: teleported to S4F3H4V3N gate
Fri Feb 05 18:08:51 2021 - Stargate_Offic: teleported to S4F3H4V3N gate
Fri Feb 05 18:10:33 2021 - Stargate_Offic: teleported to S4F3H4V3N gate
Fri Feb 05 18:10:33 2021 - Stargate_Offic: teleported to S4F3H4V3N gate
Sat Feb 06 14:02:40 2021 - Stargate_Offic: teleported to Earth gate
Sat Feb 06 15:39:05 2021 - Stargate_Offic: teleported to Earth gate
Sat Feb 06 15:39:05 2021 - Stargate_Offic: teleported to S4F3H4V3N gate
Sat Feb 06 15:49:20 2021 - Stargate_Offic: teleported to Earth gate
Sat Feb 06 16:05:32 2021 - Stargate_Offic: teleported to Earth gate
Sat Feb 06 16:05:32 2021 - Stargate_Offic: teleported to S4F3H4V3N gate
Sat Feb 06 16:41:23 2021 - Stargate_Offic used edit to make Stargate_Offic's  minelimit = 99999
Sat Feb 06 16:42:14 2021 - Stargate_Offic used edit to make Stargate_Offic's  weight = 999999
Sat Feb 06 16:46:30 2021 - Stargate_Offic used edit to make Iron ore's  price = 900
Mon Feb 08 14:01:48 2021 - Stargate_Offic: teleported to Goauld gate
Mon Feb 08 15:00:41 2021 - Stargate_Offic: teleported to Goauld gate
Mon Feb 08 15:00:41 2021 - Stargate_Offic: teleported to S4F3H4V3N gate
Mon Feb 08 15:09:13 2021 - Stargate_Offic: teleported to Goauld gate
Mon Feb 08 15:11:47 2021 - Stargate_Offic used edit to make MP5's  Ammo = 1000
Mon Feb 08 15:11:47 2021 - Stargate_Offic: teleported to Earth gate
Mon Feb 08 15:36:32 2021 - Stargate_Offic: teleported to S4F3H4V3N gate
Mon Feb 08 15:36:32 2021 - Stargate_Offic: teleported to Atlantis gate
Mon Feb 08 15:37:23 2021 - Stargate_Offic used edit to make Stargate_Offic's  density = 0
Mon Feb 08 15:50:11 2021 - Stargate_Offic: teleported to Earth gate
Thu Feb 11 16:40:57 2021 - Stargate_Offic: teleported to S4F3H4V3N gate
Thu Feb 11 16:46:56 2021 - Stargate_Offic used edit to make Stargate_Offic's  density = 1
Thu Feb 11 18:58:20 2021 - Stargate_Offic: teleported to Earth gate
Thu Feb 11 18:58:20 2021 - Stargate_Offic: teleported to Atlantis gate
Thu Feb 11 20:41:36 2021 - Stargate_Offic: teleported to S4F3H4V3N gate
Thu Feb 11 21:04:38 2021 - Stargate_Offic: teleported to Goauld gate
Thu Feb 11 22:25:42 2021 - Stargate_Offic: teleported to S4F3H4V3N gate
Thu Feb 11 22:53:00 2021 - Stargate_Offic: teleported to S4F3H4V3N gate
Thu Feb 11 23:06:40 2021 - Stargate_Offic: teleported to S4F3H4V3N gate
Fri Feb 12 00:02:08 2021 - Stargate_Offic: teleported to Earth gate
Fri Feb 12 12:37:20 2021 - Stargate_Offic: teleported to S4F3H4V3N gate
Fri Feb 12 14:17:10 2021 - Stargate_Offic: teleported to Earth gate
Fri Feb 12 14:17:10 2021 - Matt used edit to make Staff Weapon's  fired = 0
Fri Feb 12 14:47:02 2021 - Stargate_Offic: teleported to Earth gate
Fri Feb 12 14:47:53 2021 - Stargate_Offic used edit to make Staff Weapon's  fired = 1
Fri Feb 12 14:48:44 2021 - Stargate_Offic used edit to make Staff Weapon's  fired = 0
Fri Feb 12 14:48:44 2021 - Stargate_Offic used edit to make Staff Weapon's  bullet = Staff Bullet
Fri Feb 12 15:16:54 2021 - Stargate_Offic: teleported to Earth gate
Fri Feb 12 19:34:36 2021 - Stargate_Offic: teleported to Earth gate
Fri Feb 12 20:31:47 2021 - Stargate_Offic: teleported to Earth gate
Fri Feb 12 20:45:26 2021 - Stargate_Offic used edit to make Stargate_Offic's  fired = 0
Fri Feb 12 20:46:17 2021 - Stargate_Offic used edit to make Stargate_Offic's  weapon = Staff Weapon
Fri Feb 12 20:46:17 2021 - Stargate_Offic used edit to make Staff Weapon's  fired = 0
Fri Feb 12 23:07:56 2021 - Stargate_Offic: teleported to Earth gate
Fri Feb 12 23:23:18 2021 - Stargate_Offic: teleported to Earth gate
Fri Feb 12 23:29:16 2021 - Stargate_Offic: teleported to Earth gate
Fri Feb 12 23:58:17 2021 - Stargate_Offic: teleported to Earth gate
Sat Feb 13 00:25:36 2021 - Stargate_Offic: teleported to Earth gate
Sat Feb 13 00:26:27 2021 - Stargate_Offic: teleported to Earth gate
Sat Feb 13 14:09:55 2021 - Stargate_Offic: teleported to Earth gate
Sat Feb 13 14:12:28 2021 - Stargate_Offic: teleported to Earth gate
Sat Feb 13 15:13:04 2021 - Stargate_Offic: teleported to S4F3H4V3N gate
Sat Feb 13 15:13:55 2021 - Stargate_Offic: teleported to Chulak gate
Sat Feb 13 18:09:42 2021 - Stargate_Offic: teleported to Earth gate
Sun Feb 14 13:37:04 2021 - Stargate_Offic: teleported to S4F3H4V3N gate
Sun Feb 14 14:34:14 2021 - Stargate_Offic: teleported to Abydos gate
Sun Feb 14 16:14:56 2021 - Stargate_Offic: teleported to S4F3H4V3N gate
Sun Feb 14 16:25:10 2021 - Stargate_Offic: teleported to S4F3H4V3N gate
Sun Feb 14 19:08:09 2021 - Stargate_Offic: teleported to Chulak gate
Sun Feb 14 20:16:25 2021 - Stargate_Offic: teleported to Chulak gate
Sun Feb 14 20:18:08 2021 - Stargate_Offic: teleported to Chulak gate
Sun Feb 14 20:48:00 2021 - Stargate_Offic used edit to make P90's  owner = stargateoffic
Sun Feb 14 20:48:51 2021 - Stargate_Offic used edit to make P90's  Ammo = 1e+009
Sun Feb 14 20:51:24 2021 - Stargate_Offic used edit to make P90's  Ammo = 999
Mon Feb 15 13:05:55 2021 - Stargate_Offic: teleported to Chulak gate
Mon Feb 15 13:07:37 2021 - Stargate_Offic used edit to make Stargate_Offic's  attack = 0
Mon Feb 15 13:07:37 2021 - Stargate_Offic used edit to make Stargate_Offic's  incombat = 0
Mon Feb 15 13:08:28 2021 - Stargate_Offic: teleported to Earth gate
Mon Feb 15 13:08:28 2021 - Stargate_Offic: teleported to Chulak gate
Mon Feb 15 13:15:18 2021 - Stargate_Offic: teleported to Earth gate
Mon Feb 15 13:22:08 2021 - Stargate_Offic: teleported to Chulak gate
Mon Feb 15 13:23:50 2021 - Stargate_Offic used edit to make {NPC} Goblin (Lvl 5)'s  npc = 0
Mon Feb 15 13:26:24 2021 - Stargate_Offic: teleported to S4F3H4V3N gate
Mon Feb 15 13:40:54 2021 - Stargate_Offic: teleported to Chulak gate
Mon Feb 15 13:41:45 2021 - Stargate_Offic: teleported to S4F3H4V3N gate
Mon Feb 15 13:42:36 2021 - Stargate_Offic: teleported to Chulak gate
Mon Feb 15 13:43:28 2021 - Stargate_Offic: teleported to S4F3H4V3N gate
Mon Feb 15 14:03:05 2021 - Stargate_Offic used edit to make {NPC} Goblin (Lvl 5)'s  hp = 0
Mon Feb 15 14:40:38 2021 - Stargate_Offic: teleported to Chulak gate
Mon Feb 15 15:11:21 2021 - Stargate_Offic: teleported to Chulak gate
Mon Feb 15 18:19:56 2021 - Stargate_Offic: teleported to Earth gate
Wed Feb 17 17:33:00 2021 - Stargate_Offic: teleported to S4F3H4V3N gate
Wed Feb 17 17:33:00 2021 - Stargate_Offic: teleported to Atlantis gate
Wed Feb 17 17:37:16 2021 - Stargate_Offic: teleported to MidWay Station gate
Wed Feb 17 17:37:16 2021 - Stargate_Offic: teleported to Atlantis gate
Wed Feb 17 17:38:59 2021 - Stargate_Offic: teleported to Atlantis gate
Wed Feb 17 17:40:41 2021 - Stargate_Offic: teleported to Atlantis gate
Wed Feb 17 17:40:41 2021 - Stargate_Offic: teleported to Atlantis gate
Wed Feb 17 19:23:05 2021 - Stargate_Offic: teleported to Atlantis gate
Wed Feb 17 19:25:39 2021 - Stargate_Offic: teleported to Atlantis gate
Wed Feb 17 19:28:12 2021 - Stargate_Offic: teleported to Atlantis gate
Wed Feb 17 19:30:46 2021 - Stargate_Offic: teleported to Atlantis gate
Wed Feb 17 20:33:04 2021 - Stargate_Offic: teleported to Chulak gate
Wed Feb 17 20:33:04 2021 - Stargate_Offic: teleported to S4F3H4V3N gate
Wed Feb 17 20:33:04 2021 - Stargate_Offic: teleported to MidWay Station gate
Wed Feb 17 20:33:55 2021 - Stargate_Offic: teleported to Chulak gate
Wed Feb 17 20:33:55 2021 - Stargate_Offic: teleported to Earth gate
Wed Feb 17 20:33:55 2021 - Stargate_Offic: teleported to S4F3H4V3N gate
Wed Feb 17 20:33:55 2021 - Stargate_Offic: teleported to Abydos gate
Wed Feb 17 20:33:55 2021 - Stargate_Offic: teleported to MidWay Station gate
Wed Feb 17 20:33:55 2021 - Stargate_Offic: teleported to Chulak gate
Fri Feb 19 16:43:31 2021 - Stargate_Offic: teleported to Earth gate
Fri Feb 19 16:44:22 2021 - Stargate_Offic: teleported to Chulak gate
Fri Feb 19 16:58:52 2021 - Stargate_Offic: teleported to Chulak gate
Fri Feb 19 21:30:14 2021 - Stargate_Offic: teleported to Chulak gate
Fri Feb 19 21:39:37 2021 - Stargate_Offic: teleported to Earth gate
Fri Feb 19 21:43:02 2021 - Stargate_Offic: teleported to S4F3H4V3N gate
Fri Feb 19 21:44:44 2021 - Stargate_Offic: teleported to S4F3H4V3N gate
Fri Feb 19 21:46:27 2021 - Stargate_Offic: teleported to Earth gate
Fri Feb 19 21:46:27 2021 - Stargate_Offic: teleported to Abydos gate
Fri Feb 19 21:47:18 2021 - Stargate_Offic: teleported to Chulak gate
Sat Feb 20 13:28:32 2021 - Stargate_Offic: teleported to MidWay Station gate
Sat Feb 20 13:28:32 2021 - Stargate_Offic: teleported to Atlantis gate
Sat Feb 20 13:31:05 2021 - Stargate_Offic: teleported to Midway gate
Sat Feb 20 13:43:02 2021 - Stargate_Offic: teleported to Earth gate
Sat Feb 20 13:43:53 2021 - Stargate_Offic: teleported to Earth gate
Sat Feb 20 13:45:36 2021 - Stargate_Offic: teleported to Atlantis gate
Sat Feb 20 14:12:54 2021 - Stargate_Offic: teleported to Earth gate
Sat Feb 20 14:12:54 2021 - Stargate_Offic: teleported to Chulak gate
Sat Feb 20 19:21:48 2021 - Stargate_Offic: teleported to Atlantis gate
Sat Feb 20 19:23:31 2021 - Stargate_Offic: teleported to Nuetrana gate
Mon Feb 22 00:21:45 2021 - Stargate_Offic: teleported to Earth gate
Mon Feb 22 00:26:01 2021 - Stargate_Offic: teleported to S4F3H4V3N gate
Mon Feb 22 23:43:47 2021 - Stargate_Offic: teleported to Atlantis gate
Tue Feb 23 17:50:56 2021 - Stargate_Offic: teleported to Earth gate
Tue Feb 23 18:09:42 2021 - Stargate_Offic: teleported to S4F3H4V3N gate
Tue Feb 23 18:48:57 2021 - Stargate_Offic: teleported to Earth gate
Tue Feb 23 18:48:57 2021 - Stargate_Offic: teleported to S4F3H4V3N gate
Tue Feb 23 22:29:07 2021 - Stargate_Offic: teleported to Earth gate
Tue Feb 23 22:48:44 2021 - Stargate_Offic: teleported to Earth gate
Tue Feb 23 22:54:43 2021 - Stargate_Offic: teleported to Earth gate
Tue Feb 23 23:36:32 2021 - Stargate_Offic: teleported to Abydos gate
Tue Feb 23 23:46:46 2021 - Stargate_Offic: teleported to Earth gate
Tue Feb 23 23:46:46 2021 - Stargate_Offic: teleported to Abydos gate
Tue Feb 23 23:57:52 2021 - Stargate_Offic: teleported to Atlantis gate
Tue Feb 23 23:57:52 2021 - Stargate_Offic: teleported to Midway gate
Tue Feb 23 23:57:52 2021 - Stargate_Offic: teleported to Atlantis gate
Tue Feb 23 23:57:52 2021 - Stargate_Offic: teleported to S4F3H4V3N gate
Tue Feb 23 23:57:52 2021 - Stargate_Offic: teleported to Earth gate
Tue Feb 23 23:58:43 2021 - Stargate_Offic: teleported to Abydos gate
Tue Feb 23 23:58:43 2021 - Stargate_Offic: teleported to Chulak gate
Tue Feb 23 23:58:43 2021 - Stargate_Offic: teleported to S4F3H4V3N gate
Wed Feb 24 00:02:59 2021 - Stargate_Offic: teleported to S4F3H4V3N gate
Wed Feb 24 00:02:59 2021 - Stargate_Offic: teleported to Abydos gate
Wed Feb 24 13:06:20 2021 - Stargate_Offic: teleported to Earth gate
Wed Feb 24 13:08:54 2021 - Stargate_Offic: teleported to Earth gate
Wed Feb 24 13:09:45 2021 - Stargate_Offic: teleported to Earth gate
Wed Feb 24 13:10:36 2021 - Stargate_Offic: teleported to Earth gate
Wed Feb 24 13:10:36 2021 - Stargate_Offic: teleported to Earth gate
Wed Feb 24 13:16:35 2021 - Stargate_Offic used edit to make Stargate_Offic's  density = 1
Wed Feb 24 13:17:26 2021 - Stargate_Offic: teleported to Earth gate
Wed Feb 24 13:20:00 2021 - Stargate_Offic: teleported to Earth gate
Wed Feb 24 13:21:42 2021 - Stargate_Offic: teleported to Earth gate
Wed Feb 24 13:22:33 2021 - Stargate_Offic: teleported to Earth gate
Wed Feb 24 13:24:16 2021 - Stargate_Offic: teleported to Earth gate
Wed Feb 24 13:25:07 2021 - Stargate_Offic: teleported to S4F3H4V3N gate
Wed Feb 24 13:25:58 2021 - Stargate_Offic: teleported to Earth gate
Wed Feb 24 13:34:30 2021 - Stargate_Offic: teleported to Earth gate
Wed Feb 24 13:35:21 2021 - Stargate_Offic: teleported to Atlantis gate
Wed Feb 24 14:12:54 2021 - Stargate_Offic used edit to make Stargate_Offic's  runenergy = 100
Wed Feb 24 14:14:36 2021 - Stargate_Offic used edit to make Stargate_Offic's  runenergy = 3
Wed Feb 24 14:16:19 2021 - Stargate_Offic used edit to make Stargate_Offic's  runenergy = 10
Wed Feb 24 14:21:26 2021 - Stargate_Offic used edit to make Stargate_Offic's  runenergy = 10
Wed Feb 24 14:47:02 2021 - Stargate_Offic used edit to make Stargate_Offic's  runenergy = 90
Wed Feb 24 17:53:55 2021 - Stargate_Offic: teleported to Atlantis gate
Wed Feb 24 17:53:55 2021 - Stargate_Offic: teleported to S4F3H4V3N gate
Wed Feb 24 17:54:46 2021 - Stargate_Offic: teleported to Midway gate
Wed Feb 24 18:28:03 2021 - Stargate_Offic: teleported to Atlantis gate
Wed Feb 24 18:28:54 2021 - Stargate_Offic: teleported to Midway gate
Wed Feb 24 20:01:55 2021 - Stargate_Offic: teleported to Atlantis gate
Wed Feb 24 20:02:46 2021 - Stargate_Offic: teleported to Midway gate
Wed Feb 24 20:13:00 2021 - Stargate_Offic: teleported to Midway gate
Wed Feb 24 20:17:16 2021 - Stargate_Offic: teleported to Midway gate
Wed Feb 24 20:21:32 2021 - Stargate_Offic: teleported to Midway gate
Wed Feb 24 20:22:24 2021 - Stargate_Offic: teleported to Atlantis gate
Wed Feb 24 20:22:24 2021 - Stargate_Offic: teleported to Midway gate
Wed Feb 24 20:23:15 2021 - Stargate_Offic: teleported to Atlantis gate
Thu Feb 25 00:10:14 2021 - Stargate_Offic: teleported to Nuetrana gate
Thu Feb 25 00:11:56 2021 - Stargate_Offic: teleported to Nuetrana gate
Thu Feb 25 00:13:39 2021 - Stargate_Offic: teleported to Nuetrana gate
Thu Feb 25 13:19:34 2021 - Stargate_Offic: teleported to Atlantis gate
Thu Feb 25 13:21:16 2021 - Stargate_Offic: teleported to Atlantis gate
Thu Feb 25 13:22:59 2021 - Stargate_Offic: teleported to Atlantis gate
Thu Feb 25 13:25:32 2021 - Stargate_Offic: teleported to Atlantis gate
Thu Feb 25 13:26:24 2021 - Stargate_Offic: teleported to Atlantis gate
Thu Feb 25 13:28:06 2021 - Stargate_Offic: teleported to Atlantis gate
Thu Feb 25 13:49:26 2021 - Stargate_Offic: teleported to Atlantis gate
Thu Feb 25 13:49:26 2021 - Stargate_Offic: teleported to Atlantis gate
Thu Feb 25 13:52:00 2021 - Stargate_Offic: teleported to Atlantis gate
Thu Feb 25 14:01:23 2021 - Stargate_Offic: teleported to Atlantis gate
Thu Feb 25 14:02:14 2021 - Stargate_Offic: teleported to Nuetrana gate
Thu Feb 25 14:02:14 2021 - Stargate_Offic: teleported to Atlantis gate
Thu Feb 25 14:03:05 2021 - Stargate_Offic: teleported to Atlantis gate
Thu Feb 25 14:04:48 2021 - Stargate_Offic: teleported to Atlantis gate
Thu Feb 25 14:06:30 2021 - Stargate_Offic: teleported to Atlantis gate
Thu Feb 25 14:08:12 2021 - Stargate_Offic: teleported to Atlantis gate
Thu Feb 25 14:22:43 2021 - Stargate_Offic: teleported to Nuetrana gate
Thu Feb 25 14:42:20 2021 - Stargate_Offic: teleported to Nuetrana gate
Thu Feb 25 14:44:03 2021 - Stargate_Offic: teleported to Atlantis gate
Thu Feb 25 14:44:03 2021 - Stargate_Offic: teleported to Nuetrana gate
Thu Feb 25 14:51:44 2021 - Stargate_Offic: teleported to Nuetrana gate
Fri Feb 26 19:50:49 2021 - Stargate_Offic: teleported to Nuetrana gate
Sat Feb 27 20:28:48 2021 - Stargate_Offic: teleported to Nuetrana gate
Sat Feb 27 20:29:39 2021 - Stargate_Offic: teleported to Nuetrana gate
Sat Feb 27 20:32:12 2021 - Stargate_Offic: teleported to Nuetrana gate
Sat Feb 27 20:36:28 2021 - Stargate_Offic: teleported to Nuetrana gate
Sat Feb 27 20:39:53 2021 - Stargate_Offic: teleported to Nuetrana gate
Sat Feb 27 20:41:36 2021 - Stargate_Offic: teleported to Nuetrana gate
Sat Feb 27 20:42:27 2021 - Stargate_Offic: teleported to Nuetrana gate
Sat Feb 27 20:42:27 2021 - Stargate_Offic: teleported to Atlantis gate
Sat Feb 27 20:44:09 2021 - Stargate_Offic: teleported to Nuetrana gate
Sat Feb 27 20:56:06 2021 - Stargate_Offic: teleported to Nuetrana gate
Sat Feb 27 23:13:29 2021 - Stargate_Offic: teleported to Nuetrana gate
Sat Feb 27 23:32:16 2021 - Stargate_Offic: teleported to Nuetrana gate
Sat Feb 27 23:50:11 2021 - Stargate_Offic: teleported to Desert gate
Sat Feb 27 23:51:53 2021 - Stargate_Offic: teleported to Desert gate
Sun Feb 28 00:00:25 2021 - Stargate_Offic: teleported to Desert gate
Sun Feb 28 00:02:08 2021 - Stargate_Offic: teleported to Nuetrana gate
Sun Feb 28 00:02:08 2021 - Stargate_Offic: teleported to Atlantis gate
Sun Feb 28 00:02:08 2021 - Stargate_Offic: teleported to Desert gate
Sun Feb 28 00:07:15 2021 - Stargate_Offic: teleported to Desert gate
Sun Feb 28 12:38:11 2021 - Stargate_Offic: teleported to Desert gate
Sun Feb 28 12:39:02 2021 - Stargate_Offic: teleported to Desert gate
Sun Feb 28 12:45:52 2021 - Stargate_Offic: teleported to Desert gate
Sun Feb 28 13:31:05 2021 - Stargate_Offic: teleported to Desert gate
Sun Feb 28 13:33:39 2021 - Stargate_Offic: teleported to Desert gate
Sun Feb 28 14:08:38 2021 - Stargate_Offic: teleported to Atlantis gate
Sun Feb 28 16:04:41 2021 - Stargate_Offic: teleported to Desert gate
Sun Apr 18 12:21:48 2021 - Stargate_Offic: teleported to Atlantis gate
Sun Apr 18 12:24:22 2021 - Stargate_Offic: teleported to MDW-975 (Desert Planet) gate
Sun Apr 18 12:26:04 2021 - Stargate_Offic: teleported to MDW-975 (Desert Planet) gate
Wed Apr 21 09:49:29 2021 - Stargate_Offic: teleported to Nuetrana gate
Wed Apr 21 09:49:29 2021 - Stargate_Offic: teleported to Atlantis gate
Wed Apr 21 09:52:54 2021 - Stargate_Offic: teleported to Atlantis gate
Wed Apr 21 16:50:11 2021 - Stargate_Offic used edit to make Stargate_Offic's  naquadah = 999999
Wed Apr 21 16:51:02 2021 - Stargate_Offic used edit to make Stargate_Offic's  naquadah = 0
Wed Apr 21 20:41:26 2021 - Stargate_Offic used edit to make Stargate_Offic's  naquadah = 600
Sat Jun 05 12:58:30 2021 - Stargate_Offic: teleported to Nuetrana gate
Sat Jun 05 12:58:30 2021 - Stargate_Offic: teleported to Atlantis gate
Sat Jun 05 13:00:12 2021 - Stargate_Offic: teleported to MDW-975 (Desert Planet) gate
Sat Jun 05 13:00:12 2021 - Stargate_Offic: teleported to Atlantis gate
Sat Jun 05 13:01:55 2021 - Stargate_Offic: teleported to Atlantis gate
Sat Jun 05 13:02:46 2021 - Stargate_Offic: teleported to Atlantis gate
Sat Jun 05 13:03:37 2021 - Stargate_Offic: teleported to Atlantis gate
Sat Jun 05 13:03:37 2021 - Stargate_Offic used edit to make Staff Weapon's  projdelay = 1
Sat Jun 05 13:04:28 2021 - Stargate_Offic used edit to make Staff Weapon's  range = 100
Sat Jun 05 13:38:36 2021 - Stargate_Offic: teleported to Wraith Stronghold gate
Sat Jun 05 13:39:28 2021 - Stargate_Offic: teleported to Nuetrana gate
Sat Jun 05 13:39:28 2021 - Stargate_Offic: teleported to MDW-975 (Desert Planet) gate
Sat Jun 05 13:39:28 2021 - Stargate_Offic: teleported to Wraith Stronghold gate
Sat Jun 05 13:39:28 2021 - Stargate_Offic: teleported to Atlantis gate
Sat Jun 05 13:40:19 2021 - Stargate_Offic: teleported to Atlantis gate
Sat Jun 05 13:40:19 2021 - Stargate_Offic: teleported to Nuetrana gate
Sat Jun 05 13:47:08 2021 - Stargate_Offic: teleported to Atlantis gate
Sat Jun 05 14:01:39 2021 - Stargate_Offic: teleported to Wraith Stronghold gate
Sat Jun 05 14:08:28 2021 - Stargate_Offic used edit to make Door's  opening = 1
Sat Jun 05 14:34:56 2021 - Stargate_Offic: teleported to Atlantis gate
Sat Jun 05 14:36:38 2021 - Stargate_Offic: teleported to Atlantis gate
Sat Jun 05 22:17:26 2021 - Stargate_Offic used edit to make Stargate_Offic's  naquadah = 9e+006
Sat Jun 05 22:23:24 2021 - Stargate_Offic used edit to make Stargate_Offic's  naquadah = 9e+009
Sun Jun 06 14:19:08 2021 - Stargate_Offic used edit to make Stargate_Offic's  hp = 10
Sun Jun 06 14:36:12 2021 - Stargate_Offic used edit to make Stargate_Offic's  hp = 9
Sun Jun 06 14:36:12 2021 - Stargate_Offic used edit to make Stargate_Offic's  feeding = 0
Sun Jun 06 14:42:11 2021 - Stargate_Offic used edit to make Stargate_Offic's  hp = 1
Sun Jun 06 14:43:02 2021 - Stargate_Offic used edit to make Stargate_Offic's  hp = 1
Sun Jun 06 23:07:21 2021 - Stargate_Offic: teleported to Nuetrana gate
Mon Jun 07 11:09:16 2021 - Stargate_Offic: teleported to Atlantis gate
Mon Jun 07 11:16:06 2021 - Stargate_Offic: teleported to Atlantis gate
Mon Jun 07 11:18:40 2021 - Stargate_Offic: teleported to Atlantis gate
Mon Jun 07 13:53:07 2021 - Stargate_Offic: teleported to Atlantis gate
Mon Jun 07 13:57:23 2021 - Stargate_Offic: teleported to Atlantis gate
Mon Jun 07 13:59:56 2021 - Stargate_Offic: teleported to Atlantis gate
Mon Jun 07 14:03:21 2021 - Stargate_Offic: teleported to Atlantis gate
Mon Jun 07 14:06:46 2021 - Stargate_Offic: teleported to Atlantis gate
Mon Jun 07 14:11:53 2021 - Stargate_Offic: teleported to Atlantis gate
Mon Jun 07 14:13:36 2021 - Stargate_Offic: teleported to Atlantis gate
Mon Jun 07 14:55:24 2021 - Stargate_Offic: teleported to Atlantis gate
Mon Jun 07 15:00:32 2021 - Stargate_Offic used edit to make Stargate_Offic's  hp = 10
Mon Jun 07 15:02:14 2021 - Stargate_Offic: teleported to Nuetrana gate
Mon Jun 07 15:03:56 2021 - Stargate_Offic used edit to make Stargate_Offic's  hp = 7
Mon Jun 07 15:06:30 2021 - Stargate_Offic used edit to make Stargate_Offic's  hp = 8
Tue Jun 08 15:00:57 2021 - Stargate_Offic: teleported to Atlantis gate
Tue Jun 08 15:01:48 2021 - Stargate_Offic: teleported to Atlantis gate
Tue Jun 08 15:15:28 2021 - Stargate_Offic: teleported to Nuetrana gate
Tue Jun 08 19:49:23 2021 - Stargate_Offic: teleported to MDW-975 (Desert Planet) gate
Tue Jun 08 19:51:05 2021 - Stargate_Offic: teleported to Nuetrana gate
Tue Jun 08 20:16:41 2021 - Stargate_Offic: teleported to Atlantis gate
Tue Jun 08 20:18:24 2021 - Stargate_Offic: teleported to Nuetrana gate
Tue Jun 08 20:24:22 2021 - Stargate_Offic: teleported to Wraith Stronghold gate
Tue Jun 08 20:27:47 2021 - Stargate_Offic: teleported to Wraith Stronghold gate
Tue Jun 08 20:28:38 2021 - Stargate_Offic: teleported to Wraith Stronghold gate
Tue Jun 08 20:29:29 2021 - Stargate_Offic: teleported to Nuetrana gate
Tue Jun 08 20:29:29 2021 - Stargate_Offic: teleported to Wraith Stronghold gate
Tue Jun 08 20:31:12 2021 - Stargate_Offic: teleported to Wraith Stronghold gate
Tue Jun 08 20:32:54 2021 - Stargate_Offic: teleported to Wraith Stronghold gate
Tue Jun 08 20:36:19 2021 - Stargate_Offic: teleported to Wraith Stronghold gate
Tue Jun 08 20:47:24 2021 - Stargate_Offic: teleported to Wraith Stronghold gate
Tue Jun 08 20:49:07 2021 - Stargate_Offic: teleported to Wraith Stronghold gate
Tue Jun 08 20:49:58 2021 - Stargate_Offic: teleported to Wraith Stronghold gate
Tue Jun 08 21:03:37 2021 - Stargate_Offic: teleported to Wraith Stronghold gate
Tue Jun 08 21:05:20 2021 - Stargate_Offic: teleported to Wraith Stronghold gate
Tue Jun 08 21:07:53 2021 - Stargate_Offic used edit to make Stargate_Offic's  see_invisible = 1
Tue Jun 08 21:08:44 2021 - Stargate_Offic used edit to make Puddle Jumpers's  invisibility = 10
Tue Jun 08 21:08:44 2021 - Stargate_Offic used edit to make Stargate_Offic's  see_invisible = 10
Sat Jun 12 14:37:55 2021 - Stargate_Offic: teleported to Nuetrana gate
Sat Jun 12 14:44:44 2021 - Stargate_Offic: teleported to MDW-975 (Desert Planet) gate
Thu Jun 17 12:27:47 2021 - Stargate_Offic: teleported to Nuetrana gate
Thu Jun 17 12:35:28 2021 - Stargate_Offic: teleported to Nuetrana gate
Thu Jun 17 12:35:28 2021 - Stargate_Offic: teleported to Atlantis gate
Thu Jun 17 12:44:00 2021 - Stargate_Offic: teleported to Nuetrana gate
Thu Jun 17 12:44:00 2021 - Stargate_Offic: teleported to Nuetrana gate
Thu Jun 17 14:22:59 2021 - Stargate_Offic: teleported to Nuetrana gate
Thu Jun 17 15:03:05 2021 - B4ssQontr0ler: teleported to Wraith Stronghold gate
Thu Jun 17 23:01:48 2021 - Stargate_Offic: teleported to Nuetrana gate
Tue Jun 22 17:05:32 2021 - Stargate_Offic: teleported to Nuetrana gate
Tue Jun 22 17:05:32 2021 - Stargate_Offic: teleported to Atlantis gate
Tue Jun 22 20:06:27 2021 - Stargate_Offic: teleported to Nuetrana gate
Sat Jun 26 23:50:01 2021 - Stargate_Offic: teleported to Atlantis gate
Sat Jun 26 23:51:44 2021 - Stargate_Offic: teleported to Atlantis gate
Sun Jun 27 00:05:23 2021 - Stargate_Offic: teleported to Nuetrana gate
Tue Jun 29 13:49:42 2021 - Stargate_Offic: teleported to Nuetrana gate
Sun Jan 30 16:51:37 2022 - Stargate_Offic: teleported to Nuetrana gate
Sun Jan 30 19:26:56 2022 - Stargate_Offic: teleported to Nuetrana gate
Sun Jan 30 19:31:12 2022 - Stargate_Offic: teleported to Nuetrana gate
Sun Jan 30 19:35:28 2022 - Stargate_Offic: teleported to Nuetrana gate
Sun Jan 30 19:38:01 2022 - Stargate_Offic: teleported to Nuetrana gate
Sun Jan 30 19:43:08 2022 - Stargate_Offic: teleported to Nuetrana gate
Sun Jan 30 19:47:24 2022 - Stargate_Offic: teleported to Nuetrana gate
Sun Jan 30 19:49:07 2022 - Stargate_Offic: teleported to Nuetrana gate
Sun Jan 30 19:50:49 2022 - Stargate_Offic: teleported to Nuetrana gate
Sun Jan 30 19:55:56 2022 - Stargate_Offic: teleported to Nuetrana gate
Sun Jan 30 19:56:48 2022 - Stargate_Offic: used Shutdown.<br>
Sun Jan 30 19:58:30 2022 - Stargate_Offic: teleported to Nuetrana gate
Sun Jan 30 19:59:21 2022 - Stargate_Offic: teleported to Nuetrana gate
Sun Jan 30 20:01:04 2022 - Stargate_Offic: teleported to Nuetrana gate
Sun Jan 30 20:02:46 2022 - Stargate_Offic: teleported to Nuetrana gate
Sun Jan 30 20:07:53 2022 - Stargate_Offic: teleported to Nuetrana gate
Sun Jan 30 20:10:27 2022 - Stargate_Offic: teleported to Nuetrana gate
Sun Jan 30 20:13:00 2022 - Stargate_Offic: teleported to Nuetrana gate
Sun Jan 30 20:19:50 2022 - Stargate_Offic: teleported to Nuetrana gate
Sun Jan 30 20:20:41 2022 - Stargate_Offic used edit to make Copper Ore's  timetomine = 1
Sun Jan 30 20:28:22 2022 - Stargate_Offic: teleported to Nuetrana gate
Sun Jan 30 20:34:20 2022 - Stargate_Offic: teleported to Nuetrana gate
Sun Jan 30 20:36:03 2022 - Stargate_Offic: teleported to Nuetrana gate
Sun Jan 30 20:36:54 2022 - Stargate_Offic used edit to make Copper Ore's  timetomine = 10
Sun Jan 30 20:39:28 2022 - Stargate_Offic: teleported to Nuetrana gate
Sun Jan 30 20:41:10 2022 - Stargate_Offic: teleported to Nuetrana gate
Sun Jan 30 20:47:08 2022 - Stargate_Offic: teleported to Nuetrana gate
Sun Jan 30 20:52:16 2022 - Stargate_Offic: teleported to Nuetrana gate
Mon Jan 31 13:10:11 2022 - Stargate_Offic: teleported to Nuetrana gate
Mon Jan 31 16:52:03 2022 - Relliks used edit to make Relliks's  MiningLevel = 90
Mon Jan 31 19:29:04 2022 - Stargate_Offic: teleported to Nuetrana gate
Mon Jan 31 19:39:18 2022 - Relliks used edit to make Relliks's  iron = 9000
Mon Jan 31 19:40:09 2022 - Relliks used edit to make Relliks's  naquadah = 9000000
Tue Feb 01 14:45:20 2022 - Stargate_Offic: teleported to Nuetrana gate
Mon Feb 07 15:37:23 2022 - Stargate_Offic: teleported to Wraith Stronghold gate
Mon Feb 07 15:39:05 2022 - Stargate_Offic: teleported to Atlantis gate
Mon Feb 07 15:42:30 2022 - Stargate_Offic: teleported to Nuetrana gate
Mon Feb 07 17:12:06 2022 - Stargate_Offic: teleported to Nuetrana gate
Mon Feb 07 17:13:48 2022 - Stargate_Offic: teleported to Earth gate
Mon Feb 07 17:18:04 2022 - Stargate_Offic: teleported to Earth gate
Mon Feb 07 17:24:03 2022 - Stargate_Offic: teleported to Atlantis gate
Mon Feb 07 17:25:45 2022 - Stargate_Offic: teleported to Nuetrana gate
Mon Feb 07 17:54:46 2022 - Stargate_Offic: teleported to Earth gate
Mon Feb 07 17:54:46 2022 - Stargate_Offic: teleported to the atlantis2midway gate
Mon Feb 07 17:57:20 2022 - Stargate_Offic: teleported to Atlantis gate
Mon Feb 07 17:57:20 2022 - Stargate_Offic: teleported to Earth gate
Mon Feb 07 17:58:11 2022 - Stargate_Offic: teleported to the earth2midway gate
Mon Feb 07 17:59:53 2022 - Stargate_Offic: teleported to Nuetrana gate
Mon Feb 07 17:59:53 2022 - Stargate_Offic: teleported to the atlantis2midway gate
Mon Feb 07 18:04:09 2022 - Stargate_Offic: teleported to Earth gate
Mon Feb 07 18:14:24 2022 - Stargate_Offic: teleported to the earth2midway gate
Mon Feb 07 18:15:15 2022 - Stargate_Offic: teleported to Earth gate
Mon Feb 07 18:16:57 2022 - Stargate_Offic: teleported to the earth2midway gate
Mon Feb 07 18:16:57 2022 - Stargate_Offic: teleported to Earth gate
Mon Feb 07 18:16:57 2022 - Stargate_Offic: teleported to the earth2midway gate
Mon Feb 07 18:18:40 2022 - Stargate_Offic: teleported to the earth2midway gate
Mon Feb 07 18:20:22 2022 - Stargate_Offic: teleported to Atlantis gate
Tue Feb 08 12:41:10 2022 - Stargate_Offic: teleported to the earth2midway gate
Tue Feb 08 12:42:52 2022 - Stargate_Offic: teleported to Earth gate
Tue Feb 08 14:11:37 2022 - Stargate_Offic: teleported to Nuetrana gate
Tue Feb 08 14:12:28 2022 - Stargate_Offic: teleported to Staff Planet gate
Tue Feb 08 14:44:03 2022 - Stargate_Offic: teleported to Staff Planet gate
Tue Feb 08 16:51:12 2022 - Stargate_Offic: teleported to Nuetrana gate
Tue Feb 15 13:47:18 2022 - Stargate_Offic: teleported to Earth gate
Tue Feb 15 14:24:51 2022 - Stargate_Offic: teleported to Earth gate
Tue Feb 15 14:45:20 2022 - Stargate_Offic: teleported to Earth gate
Tue Feb 15 15:18:36 2022 - Stargate_Offic: teleported to Earth gate
Tue Feb 15 17:06:59 2022 - Stargate_Offic: teleported to Earth gate
Tue Feb 15 20:38:36 2022 - Stargate_Offic: teleported to Earth gate
Tue Feb 15 21:23:50 2022 - Stargate_Offic: teleported to Earth gate
Tue Feb 15 21:34:56 2022 - Poo used edit to make Poo's  density = 1
Tue Feb 15 21:38:20 2022 - Stargate_Offic: teleported to Earth gate
Tue Feb 15 21:40:54 2022 - Stargate_Offic: teleported to Earth gate
Tue Feb 15 23:25:00 2022 - Stargate_Offic: teleported to Earth gate
Tue Feb 15 23:31:50 2022 - Stargate_Offic: teleported to Earth gate
Tue Feb 15 23:41:13 2022 - Poo used edit to make Poo's  density = 1
Wed Feb 16 13:08:28 2022 - Poo used edit to make Poo's  density = 0
Wed Feb 16 13:08:28 2022 - Poo used edit to make Poo's  density = 1
Wed Feb 16 13:17:00 2022 - Stargate_Offic: teleported to Earth gate
Wed Feb 16 13:21:16 2022 - Stargate_Offic: teleported to Earth gate
Wed Feb 16 13:22:08 2022 - Poo used edit to make Poo's  density = 0
Wed Feb 16 13:24:41 2022 - Poo used edit to make Poo's  density = 1
Wed Feb 16 13:34:04 2022 - Matt used edit to make Digger's  event = ShowText
Wed Feb 16 13:34:56 2022 - Matt used edit to make Digger's  event_ShowText = This is Neutrana, a Neutral Planet in the pegasus Galaxy. I'm a miner myself. Double click me to open my shop and get yourself a pickaxe.
Wed Feb 16 13:39:12 2022 - Matt used edit to make Digger's  event_ShowText = 
Sat Feb 19 12:49:16 2022 - Stargate_Offic: teleported to Nuetrana gate
Sat Feb 19 12:50:59 2022 - Stargate_Offic: teleported to Nuetrana gate
Sun Feb 20 14:51:44 2022 - Stargate_Offic: teleported to Nuetrana gate
Sun Feb 20 14:52:35 2022 - Stargate_Offic: teleported to Nuetrana gate
Sun Feb 20 14:57:42 2022 - Stargate_Offic: teleported to MDW-975 (Desert Planet) gate
Sun Feb 20 14:57:42 2022 - Stargate_Offic: teleported to Staff Planet gate
Sun Feb 20 15:10:30 2022 - Stargate_Offic: teleported to Earth gate
Sun Feb 20 15:10:30 2022 - Stargate_Offic: teleported to Earth gate
Sun Feb 20 15:13:55 2022 - Stargate_Offic: teleported to Earth gate
Sun Feb 20 20:43:18 2022 - Stargate_Offic: teleported to Nuetrana gate
Sun Feb 20 20:43:18 2022 - Stargate_Offic: teleported to Earth gate
Sun Feb 20 20:45:52 2022 - Stargate_Offic: teleported to Nuetrana gate
Sun Feb 20 20:46:43 2022 - Stargate_Offic: teleported to Nuetrana gate
Mon Feb 21 11:52:06 2022 - Stargate_Offic: teleported to MDW-975 (Desert Planet) gate
Mon Feb 21 18:06:43 2022 - Stargate_Offic: teleported to Earth gate
Thu Jun 16 22:27:40 2022 - Matt used edit to make Matt's  naquadah = 10000
Thu Jun 16 22:28:32 2022 - Stargate_Offic: teleported to Atlantis gate
Thu Jun 16 22:28:32 2022 - Stargate_Offic: teleported to Midway Station #1 gate
Thu Jun 16 22:28:32 2022 - Stargate_Offic: teleported to Staff Planet gate
Thu Jun 16 22:28:32 2022 - Stargate_Offic: teleported to MDW-975 (Desert Planet) gate
Sun Jul 31 12:45:16 2022 - Stargate_Offic: teleported to Nuetrana gate
Sat Aug 13 12:54:14 2022 - Stargate_Offic: teleported to Midway Station #1 gate
Sat Aug 13 12:57:39 2022 - Stargate_Offic: teleported to Earth gate
Sat Aug 13 13:14:43 2022 - Stargate_Offic: teleported to Nuetrana gate
Sat Aug 13 13:15:34 2022 - Stargate_Offic: teleported to Nuetrana gate
Sat Aug 13 13:18:08 2022 - Stargate_Offic: teleported to Nuetrana gate
Sat Aug 13 13:18:08 2022 - Stargate_Offic: teleported to Nuetrana gate
Sat Aug 13 13:19:50 2022 - Stargate_Offic: teleported to Nuetrana gate
Sat Aug 13 13:19:50 2022 - Stargate_Offic: teleported to Nuetrana gate
Sat Aug 13 13:20:41 2022 - Stargate_Offic: teleported to Nuetrana gate
Sat Aug 13 13:21:32 2022 - Stargate_Offic: teleported to Nuetrana gate
Sun Aug 14 14:58:24 2022 - Stargate_Offic: teleported to Midway Station #2 gate
Sun Aug 14 14:58:24 2022 - Stargate_Offic: teleported to Earth gate
Sun Aug 14 14:59:15 2022 - Matt used edit to make Matt's  density = 1
