Fri Nov 20 13:28:32 2020 - Stargate_Offic: ok 
Fri Nov 20 14:44:28 2020 - Stargate_Offic: ok 
Fri Nov 20 14:44:28 2020 - Stargate_Offic: hiya 
Sun Nov 22 14:16:19 2020 - Stargate_Offic: lol 
Sun Nov 22 14:16:19 2020 - Stargate_Offic: lol 
Sun Nov 22 14:16:19 2020 - Stargate_Offic: lol 
Sun Nov 22 14:16:19 2020 - Stargate_Offic: lol 
Sun Nov 22 14:16:19 2020 - Stargate_Offic: lol 
Sun Nov 22 14:17:10 2020 - Stargate_Offic: lol 
Mon Nov 30 11:39:18 2020 - Stargate_Offic: ok 
Fri Feb 05 16:39:15 2021 - Stargate_Offic: ok 
Thu Feb 11 18:47:15 2021 - Stargate_Offic:  
Thu Feb 11 18:47:15 2021 - Stargate_Offic:  
Thu Feb 11 18:47:15 2021 - Stargate_Offic:  
Thu Feb 11 18:47:15 2021 - Stargate_Offic:  
Thu Feb 11 18:47:15 2021 - Stargate_Offic:  
Thu Feb 11 18:47:15 2021 - Stargate_Offic:  
Thu Feb 11 18:47:15 2021 - Stargate_Offic: ok 
Thu Feb 11 18:47:15 2021 - Stargate_Offic: :) 
Thu Feb 11 18:53:13 2021 - Stargate_Offic:  
Thu Feb 11 18:53:13 2021 - Stargate_Offic:  
Thu Feb 11 18:53:13 2021 - Stargate_Offic:  
Thu Feb 11 18:53:13 2021 - Stargate_Offic:  
Thu Feb 11 18:53:13 2021 - Stargate_Offic:  
Thu Feb 11 18:53:13 2021 - Stargate_Offic:  
Thu Feb 11 18:53:13 2021 - Stargate_Offic:  
Thu Feb 11 18:53:13 2021 - Stargate_Offic:  
Thu Feb 11 18:54:56 2021 - Stargate_Offic: ok 
Thu Feb 11 20:59:31 2021 - Stargate_Offic: lol 
Thu Feb 11 21:05:29 2021 - Stargate_Offic: ok 
Thu Feb 11 21:09:45 2021 - Stargate_Offic: ok 
Thu Feb 11 21:09:45 2021 - Stargate_Offic: ok 
Thu Feb 11 21:09:45 2021 - Stargate_Offic: ok 
Thu Feb 11 21:09:45 2021 - Stargate_Offic: ok 
Thu Feb 11 21:15:44 2021 - Stargate_Offic: ok 
Thu Feb 11 21:15:44 2021 - Stargate_Offic: ok 
Thu Feb 11 21:15:44 2021 - Stargate_Offic: test 
Thu Feb 11 21:15:44 2021 - *Stargate_Offic: OMG *
Sat Feb 13 15:07:05 2021 - Stargate_Offic: ok 
Sat Feb 13 15:07:05 2021 - Stargate_Offic: ok 
Sat Feb 13 15:07:05 2021 - Stargate_Offic: ok 
Sat Feb 13 15:07:05 2021 - Stargate_Offic: ok 
Sat Feb 13 15:07:05 2021 - Stargate_Offic: ok 
Sat Feb 13 15:07:05 2021 - Stargate_Offic: ok 
Sat Feb 13 15:07:05 2021 - Stargate_Offic: ok 
Sat Feb 13 15:07:05 2021 - Stargate_Offic: ok 
Sat Feb 13 15:07:05 2021 - Stargate_Offic: ok 
Sat Feb 13 15:07:56 2021 - Stargate_Offic: d 
Sat Feb 13 15:07:56 2021 - Stargate_Offic: d 
Sat Feb 13 15:07:56 2021 - Stargate_Offic: d 
Sat Feb 13 15:07:56 2021 - Stargate_Offic: d 
Sat Feb 13 15:09:39 2021 - Stargate_Offic: ok 
Sat Feb 13 15:09:39 2021 - Stargate_Offic: d 
Sat Feb 13 15:09:39 2021 - Stargate_Offic: d 
Sat Feb 13 15:09:39 2021 - Stargate_Offic: d 
Sat Feb 13 15:09:39 2021 - Stargate_Offic: d 
Sat Feb 13 15:11:21 2021 - Stargate_Offic: oik 
Sat Feb 13 15:12:12 2021 - Stargate_Offic: ok 
Sat Feb 13 18:02:01 2021 - Stargate_Offic: ok 
Sat Feb 13 18:02:52 2021 - Stargate_Offic: okwwwwwwwwwww 
Sat Feb 13 19:54:40 2021 - Stargate_Offic: ok 
Sat Feb 13 19:54:40 2021 - Stargate_Offic: ok 
Sat Feb 13 19:54:40 2021 - Stargate_Offic: ok 
Sat Feb 13 19:54:40 2021 - Stargate_Offic: ok 
Sat Feb 13 19:54:40 2021 - Stargate_Offic: ok 
Sat Feb 13 19:54:40 2021 - Stargate_Offic: ok 
Sat Feb 13 19:54:40 2021 - Stargate_Offic: ok 
Sat Feb 13 19:54:40 2021 - Stargate_Offic: ok 
Sat Feb 13 19:54:40 2021 - Stargate_Offic: ok 
Sat Feb 13 19:54:40 2021 - Stargate_Offic: ok 
Sat Feb 13 19:55:31 2021 - Stargate_Offic: ok 
Sat Feb 13 19:57:13 2021 - Stargate_Offic: ok 
Sat Feb 13 19:57:13 2021 - Stargate_Offic: lol 
Sat Feb 13 20:02:20 2021 - Stargate_Offic: Okay 
Sat Feb 13 20:11:44 2021 - Stargate_Offic: ok 
Mon Feb 15 15:01:07 2021 - Stargate_Offic: ok 
Wed Feb 17 19:46:59 2021 - Stargate_Offic: l 
Fri Feb 19 23:50:11 2021 - Stargate_Offic: ok 
Fri Feb 19 23:51:02 2021 - Stargate_Offic: kk 
Fri Feb 19 23:53:36 2021 - Stargate_Offic: lol 
Fri Feb 19 23:55:18 2021 - Stargate_Offic: lol 
Fri Feb 19 23:57:00 2021 - Stargate_Offic: ds 
Fri Feb 19 23:57:00 2021 - Stargate_Offic: ds 
Fri Feb 19 23:57:00 2021 - Stargate_Offic: ds 
Fri Feb 19 23:57:00 2021 - Stargate_Offic: ds 
Fri Feb 19 23:57:00 2021 - Stargate_Offic: d 
Fri Feb 19 23:58:43 2021 - Stargate_Offic: d 
Fri Feb 19 23:58:43 2021 - Stargate_Offic: d 
Fri Feb 19 23:58:43 2021 - Stargate_Offic: d 
Fri Feb 19 23:58:43 2021 - Stargate_Offic: d 
Fri Feb 19 23:58:43 2021 - Stargate_Offic: d 
Fri Feb 19 23:58:43 2021 - Stargate_Offic: d 
Fri Feb 19 23:58:43 2021 - Stargate_Offic: d 
Fri Feb 19 23:58:43 2021 - Stargate_Offic: d 
Fri Feb 19 23:58:43 2021 - Stargate_Offic: d 
Fri Feb 19 23:58:43 2021 - Stargate_Offic: d 
Fri Feb 19 23:58:43 2021 - Stargate_Offic: d 
Fri Feb 19 23:58:43 2021 - Stargate_Offic: d 
Fri Feb 19 23:58:43 2021 - Stargate_Offic: d 
Fri Feb 19 23:58:43 2021 - Stargate_Offic: d 
Fri Feb 19 23:58:43 2021 - Stargate_Offic: d 
Fri Feb 19 23:58:43 2021 - Stargate_Offic: d 
Fri Feb 19 23:58:43 2021 - Stargate_Offic: d 
Fri Feb 19 23:58:43 2021 - Stargate_Offic: d 
Fri Feb 19 23:58:43 2021 - Stargate_Offic: d 
Fri Feb 19 23:58:43 2021 - Stargate_Offic: d 
Fri Feb 19 23:58:43 2021 - Stargate_Offic: d 
Fri Feb 19 23:58:43 2021 - Stargate_Offic: d 
Fri Feb 19 23:58:43 2021 - Stargate_Offic: d 
Fri Feb 19 23:58:43 2021 - Stargate_Offic: d 
Fri Feb 19 23:58:43 2021 - Stargate_Offic: d 
Fri Feb 19 23:58:43 2021 - Stargate_Offic: d 
Fri Feb 19 23:58:43 2021 - Stargate_Offic: d 
Fri Feb 19 23:58:43 2021 - Stargate_Offic: d 
Fri Feb 19 23:58:43 2021 - Stargate_Offic: d 
Fri Feb 19 23:58:43 2021 - Stargate_Offic: d 
Fri Feb 19 23:58:43 2021 - Stargate_Offic: d 
Fri Feb 19 23:58:43 2021 - Stargate_Offic: d 
Fri Feb 19 23:58:43 2021 - Stargate_Offic: d 
Fri Feb 19 23:58:43 2021 - Stargate_Offic: d 
Fri Feb 19 23:58:43 2021 - Stargate_Offic: d 
Fri Feb 19 23:58:43 2021 - Stargate_Offic: d 
Fri Feb 19 23:58:43 2021 - Stargate_Offic: d 
Fri Feb 19 23:58:43 2021 - Stargate_Offic: d 
Fri Feb 19 23:58:43 2021 - Stargate_Offic: d 
Fri Feb 19 23:58:43 2021 - Stargate_Offic: d 
Wed Jun 16 18:07:50 2021 - Stargate_Offic: ok 
Thu Jun 17 14:08:28 2021 - Stargate_Offic: ok 
Thu Jun 17 14:31:31 2021 - B4ssQontr0ler: mmm 
Thu Jun 17 14:31:31 2021 - Stargate_Offic: got to press new 
Thu Jun 17 14:32:22 2021 - Stargate_Offic: this is a test world :p 
Thu Jun 17 14:32:22 2021 - B4ssQontr0ler: yep i created 
Thu Jun 17 14:32:22 2021 - Stargate_Offic: ah okay 
Thu Jun 17 14:32:22 2021 - Stargate_Offic: Whats skin like? 
Thu Jun 17 14:32:22 2021 - B4ssQontr0ler: its nice yes 
Thu Jun 17 14:32:22 2021 - Stargate_Offic: like does it fit and stuff? 
Thu Jun 17 14:32:22 2021 - B4ssQontr0ler: but the Outputs need to follow no 
Thu Jun 17 14:32:22 2021 - B4ssQontr0ler: ? 
Thu Jun 17 14:33:13 2021 - Stargate_Offic: Yeah as i said im not bothered about them just yet, just wanna make sure the borders sit nicely 
Thu Jun 17 14:33:13 2021 - B4ssQontr0ler: fit erm, the say and univers are on barr under map x) 
Thu Jun 17 14:33:13 2021 - Stargate_Offic: Yeah thats fine ive not moved them 
Thu Jun 17 14:33:13 2021 - B4ssQontr0ler: ah yes 
Thu Jun 17 14:33:13 2021 - Stargate_Offic: Send me a screenshot so I can see 
Thu Jun 17 14:33:13 2021 - B4ssQontr0ler: borders are perfect 
Thu Jun 17 14:34:56 2021 - B4ssQontr0ler: thats nice job  
Thu Jun 17 14:34:56 2021 - B4ssQontr0ler: brb making coffee 
Thu Jun 17 14:36:38 2021 - B4ssQontr0ler: i see a good dark blue as background 
Thu Jun 17 14:49:26 2021 - Stargate_Offic: ok 
Thu Jun 17 14:54:33 2021 - Stargate_Offic: ok 
Thu Jun 17 14:57:07 2021 - B4ssQontr0ler: Ah yes 
Thu Jun 17 14:57:07 2021 - B4ssQontr0ler: even dark like this its cool now 
Thu Jun 17 14:59:40 2021 - B4ssQontr0ler: the input is heavy bar now x) 
Thu Jun 17 15:03:05 2021 - B4ssQontr0ler:  wondering about the speed movement , tick lag etc, on my test map its more faster so far, the movement are little jerky  
Thu Jun 17 15:03:56 2021 - B4ssQontr0ler: idk , like the game have realy more coding stuffs if that good to modify that 
Thu Jun 17 15:04:48 2021 - B4ssQontr0ler: when you will fully completed the skin, i will edit the HUD 
Thu Jun 17 22:46:27 2021 - Stargate_Offic: ok 
Thu Jun 17 23:18:01 2021 - Stargate_Offic: ok 
Tue Jun 22 16:39:56 2021 - Stargate_Offic: ok 
Tue Jun 22 16:44:12 2021 - Stargate_Offic: ok 
Tue Jun 22 17:03:50 2021 - Stargate_Offic: ok 
Sat Jun 26 13:39:53 2021 - Stargate_Offic: invisible 
Sun Jan 30 14:27:24 2022 - Stargate_Offic: ok 
Sun Jan 30 14:27:24 2022 - Stargate_Offic: ok 
Mon Jan 31 16:50:20 2022 - Stargate_Offic: ok 
Mon Feb 21 20:17:16 2022 - Stargate_Offic: ok 
Mon Feb 21 20:25:48 2022 - Stargate_Offic: fd 
Mon Feb 21 20:47:08 2022 - Stargate_Offic: ok 
Mon Feb 21 20:47:08 2022 - Stargate_Offic: ok 
Mon Feb 21 20:48:00 2022 - Stargate_Offic: ok 
Mon Feb 21 20:48:00 2022 - Stargate_Offic: LMAO 
Mon Feb 21 20:49:42 2022 - Stargate_Offic: ok 
Mon Feb 21 20:49:42 2022 - Stargate_Offic: STAFF ARE YELLOW 
Mon Feb 21 20:51:24 2022 - Stargate_Offic: ok 
Mon Feb 21 20:53:07 2022 - Stargate_Offic: ok 
Mon Feb 21 20:55:40 2022 - Stargate_Offic: ok 
Mon Feb 21 21:20:25 2022 - Stargate_Offic: ok 
Mon Feb 21 21:21:16 2022 - Stargate_Offic: ok 
Sun Jul 31 12:59:47 2022 - Stargate_Offic: OpenEmpire 
Sun Jul 31 14:43:02 2022 - Stargate_Offic: ok 
